::1 - - [10/Jul/2020:16:12:02 +0000] "OPTIONS /auth/status HTTP/1.1" 200 14 "http://localhost:3000/" "Mozilla/5.0 (Macintosh; Intel Mac OS X 10_15_5) AppleWebKit/537.36 (KHTML, like Gecko) Chrome/83.0.4103.116 Safari/537.36"
::1 - - [10/Jul/2020:16:12:02 +0000] "OPTIONS /feed/posts?page=1 HTTP/1.1" 200 8 "http://localhost:3000/" "Mozilla/5.0 (Macintosh; Intel Mac OS X 10_15_5) AppleWebKit/537.36 (KHTML, like Gecko) Chrome/83.0.4103.116 Safari/537.36"
::1 - - [10/Jul/2020:16:12:03 +0000] "GET /auth/status HTTP/1.1" 304 - "http://localhost:3000/" "Mozilla/5.0 (Macintosh; Intel Mac OS X 10_15_5) AppleWebKit/537.36 (KHTML, like Gecko) Chrome/83.0.4103.116 Safari/537.36"
::1 - - [10/Jul/2020:16:12:03 +0000] "GET /feed/posts?page=1 HTTP/1.1" 200 331 "http://localhost:3000/" "Mozilla/5.0 (Macintosh; Intel Mac OS X 10_15_5) AppleWebKit/537.36 (KHTML, like Gecko) Chrome/83.0.4103.116 Safari/537.36"
::1 - - [10/Jul/2020:16:12:17 +0000] "OPTIONS /auth/signup HTTP/1.1" 200 3 "http://localhost:3000/signup" "Mozilla/5.0 (Macintosh; Intel Mac OS X 10_15_5) AppleWebKit/537.36 (KHTML, like Gecko) Chrome/83.0.4103.116 Safari/537.36"
::1 - - [10/Jul/2020:16:12:18 +0000] "PUT /auth/signup HTTP/1.1" 201 62 "http://localhost:3000/signup" "Mozilla/5.0 (Macintosh; Intel Mac OS X 10_15_5) AppleWebKit/537.36 (KHTML, like Gecko) Chrome/83.0.4103.116 Safari/537.36"
::1 - - [10/Jul/2020:16:12:35 +0000] "OPTIONS /auth/login HTTP/1.1" 200 4 "http://localhost:3000/" "Mozilla/5.0 (Macintosh; Intel Mac OS X 10_15_5) AppleWebKit/537.36 (KHTML, like Gecko) Chrome/83.0.4103.116 Safari/537.36"
::1 - - [10/Jul/2020:16:12:36 +0000] "POST /auth/login HTTP/1.1" 200 256 "http://localhost:3000/" "Mozilla/5.0 (Macintosh; Intel Mac OS X 10_15_5) AppleWebKit/537.36 (KHTML, like Gecko) Chrome/83.0.4103.116 Safari/537.36"
::1 - - [10/Jul/2020:16:12:36 +0000] "OPTIONS /auth/status HTTP/1.1" 200 14 "http://localhost:3000/" "Mozilla/5.0 (Macintosh; Intel Mac OS X 10_15_5) AppleWebKit/537.36 (KHTML, like Gecko) Chrome/83.0.4103.116 Safari/537.36"
::1 - - [10/Jul/2020:16:12:36 +0000] "OPTIONS /feed/posts?page=1 HTTP/1.1" 200 8 "http://localhost:3000/" "Mozilla/5.0 (Macintosh; Intel Mac OS X 10_15_5) AppleWebKit/537.36 (KHTML, like Gecko) Chrome/83.0.4103.116 Safari/537.36"
::1 - - [10/Jul/2020:16:12:36 +0000] "GET /auth/status HTTP/1.1" 200 22 "http://localhost:3000/" "Mozilla/5.0 (Macintosh; Intel Mac OS X 10_15_5) AppleWebKit/537.36 (KHTML, like Gecko) Chrome/83.0.4103.116 Safari/537.36"
::1 - - [10/Jul/2020:16:12:36 +0000] "GET /feed/posts?page=1 HTTP/1.1" 304 - "http://localhost:3000/" "Mozilla/5.0 (Macintosh; Intel Mac OS X 10_15_5) AppleWebKit/537.36 (KHTML, like Gecko) Chrome/83.0.4103.116 Safari/537.36"
::1 - - [10/Jul/2020:16:12:41 +0000] "OPTIONS /auth/status HTTP/1.1" 200 14 "http://localhost:3000/" "Mozilla/5.0 (Macintosh; Intel Mac OS X 10_15_5) AppleWebKit/537.36 (KHTML, like Gecko) Chrome/83.0.4103.116 Safari/537.36"
::1 - - [10/Jul/2020:16:12:42 +0000] "PATCH /auth/status HTTP/1.1" 200 27 "http://localhost:3000/" "Mozilla/5.0 (Macintosh; Intel Mac OS X 10_15_5) AppleWebKit/537.36 (KHTML, like Gecko) Chrome/83.0.4103.116 Safari/537.36"
::1 - - [10/Jul/2020:16:12:43 +0000] "OPTIONS /feed/posts?page=1 HTTP/1.1" 200 8 "http://localhost:3000/" "Mozilla/5.0 (Macintosh; Intel Mac OS X 10_15_5) AppleWebKit/537.36 (KHTML, like Gecko) Chrome/83.0.4103.116 Safari/537.36"
::1 - - [10/Jul/2020:16:12:43 +0000] "GET /auth/status HTTP/1.1" 200 24 "http://localhost:3000/" "Mozilla/5.0 (Macintosh; Intel Mac OS X 10_15_5) AppleWebKit/537.36 (KHTML, like Gecko) Chrome/83.0.4103.116 Safari/537.36"
::1 - - [10/Jul/2020:16:12:44 +0000] "GET /feed/posts?page=1 HTTP/1.1" 304 - "http://localhost:3000/" "Mozilla/5.0 (Macintosh; Intel Mac OS X 10_15_5) AppleWebKit/537.36 (KHTML, like Gecko) Chrome/83.0.4103.116 Safari/537.36"
::1 - - [10/Jul/2020:16:13:26 +0000] "OPTIONS /auth/login HTTP/1.1" 200 4 "http://localhost:3000/" "Mozilla/5.0 (Macintosh; Intel Mac OS X 10_15_5) AppleWebKit/605.1.15 (KHTML, like Gecko) Version/13.1.1 Safari/605.1.15"
::1 - - [10/Jul/2020:16:13:27 +0000] "POST /auth/login HTTP/1.1" 200 257 "http://localhost:3000/" "Mozilla/5.0 (Macintosh; Intel Mac OS X 10_15_5) AppleWebKit/605.1.15 (KHTML, like Gecko) Version/13.1.1 Safari/605.1.15"
::1 - - [10/Jul/2020:16:13:27 +0000] "OPTIONS /auth/status HTTP/1.1" 200 14 "http://localhost:3000/" "Mozilla/5.0 (Macintosh; Intel Mac OS X 10_15_5) AppleWebKit/605.1.15 (KHTML, like Gecko) Version/13.1.1 Safari/605.1.15"
::1 - - [10/Jul/2020:16:13:27 +0000] "OPTIONS /feed/posts?page=1 HTTP/1.1" 200 8 "http://localhost:3000/" "Mozilla/5.0 (Macintosh; Intel Mac OS X 10_15_5) AppleWebKit/605.1.15 (KHTML, like Gecko) Version/13.1.1 Safari/605.1.15"
::1 - - [10/Jul/2020:16:13:27 +0000] "GET /auth/status HTTP/1.1" 200 21 "http://localhost:3000/" "Mozilla/5.0 (Macintosh; Intel Mac OS X 10_15_5) AppleWebKit/605.1.15 (KHTML, like Gecko) Version/13.1.1 Safari/605.1.15"
::1 - - [10/Jul/2020:16:13:27 +0000] "GET /feed/posts?page=1 HTTP/1.1" 200 331 "http://localhost:3000/" "Mozilla/5.0 (Macintosh; Intel Mac OS X 10_15_5) AppleWebKit/605.1.15 (KHTML, like Gecko) Version/13.1.1 Safari/605.1.15"
::1 - - [10/Jul/2020:16:13:35 +0000] "OPTIONS /feed/post/5f089033ed663303e948b592 HTTP/1.1" 200 19 "http://localhost:3000/" "Mozilla/5.0 (Macintosh; Intel Mac OS X 10_15_5) AppleWebKit/605.1.15 (KHTML, like Gecko) Version/13.1.1 Safari/605.1.15"
::1 - - [10/Jul/2020:16:13:35 +0000] "PUT /feed/post/5f089033ed663303e948b592 HTTP/1.1" 200 314 "http://localhost:3000/" "Mozilla/5.0 (Macintosh; Intel Mac OS X 10_15_5) AppleWebKit/605.1.15 (KHTML, like Gecko) Version/13.1.1 Safari/605.1.15"
